<?xml version="1.0" encoding="UTF-8"?>
<testng-results skipped="0" failed="1" total="2" passed="1">
  <reporter-output>
    <line>
      <![CDATA[<BR><FONT SIZE='4' COLOR='RED'>Non Conditional.</FONT><BR>]]>
    </line>
    <line>
      <![CDATA[<BR><FONT SIZE='4' COLOR='BLUE'>Level 3</FONT><BR>]]>
    </line>
    <line>
      <![CDATA[<BR><FONT SIZE='4' COLOR='BLUE'>Level 5</FONT><BR>]]>
    </line>
    <line>
      <![CDATA[<BR><FONT SIZE='4' COLOR='RED'>@AfterMethod Non Conditional.</FONT><BR>]]>
    </line>
    <line>
      <![CDATA[<BR><FONT SIZE='4' COLOR='BLUE'>@AfterMethod Level 3</FONT><BR>]]>
    </line>
    <line>
      <![CDATA[<BR><FONT SIZE='4' COLOR='BLUE'>@AfterMethod Level 5</FONT><BR>]]>
    </line>
  </reporter-output>
  <suite name="Suite" duration-ms="28" started-at="2016-11-02T18:07:23Z" finished-at="2016-11-02T18:07:23Z">
    <groups>
    </groups>
    <test name="Test" duration-ms="28" started-at="2016-11-02T18:07:23Z" finished-at="2016-11-02T18:07:23Z">
      <class name="com.softserve.edu.reg.ReportTest">
        <test-method status="PASS" signature="setUp()[pri:0, instance:com.softserve.edu.reg.ReportTest@589838eb]" name="setUp" is-config="true" duration-ms="0" started-at="2016-11-02T20:07:23Z" finished-at="2016-11-02T20:07:23Z">
          <reporter-output>
          </reporter-output>
        </test-method> <!-- setUp -->
        <test-method status="FAIL" signature="testApp()[pri:0, instance:com.softserve.edu.reg.ReportTest@589838eb]" name="testApp" duration-ms="1" started-at="2016-11-02T20:07:23Z" finished-at="2016-11-02T20:07:23Z">
          <exception class="java.lang.AssertionError">
            <message>
              <![CDATA[expected [true] but found [false]]]>
            </message>
            <full-stacktrace>
              <![CDATA[java.lang.AssertionError: expected [true] but found [false]
	at org.testng.Assert.fail(Assert.java:94)
	at org.testng.Assert.failNotEquals(Assert.java:496)
	at org.testng.Assert.assertTrue(Assert.java:42)
	at org.testng.Assert.assertTrue(Assert.java:52)
	at com.softserve.edu.reg.ReportTest.testApp(ReportTest.java:40)
	at sun.reflect.NativeMethodAccessorImpl.invoke0(Native Method)
	at sun.reflect.NativeMethodAccessorImpl.invoke(NativeMethodAccessorImpl.java:62)
	at sun.reflect.DelegatingMethodAccessorImpl.invoke(DelegatingMethodAccessorImpl.java:43)
	at java.lang.reflect.Method.invoke(Method.java:497)
	at org.testng.internal.MethodInvocationHelper.invokeMethod(MethodInvocationHelper.java:85)
	at org.testng.internal.Invoker.invokeMethod(Invoker.java:639)
	at org.testng.internal.Invoker.invokeTestMethod(Invoker.java:816)
	at org.testng.internal.Invoker.invokeTestMethods(Invoker.java:1124)
	at org.testng.internal.TestMethodWorker.invokeTestMethods(TestMethodWorker.java:125)
	at org.testng.internal.TestMethodWorker.run(TestMethodWorker.java:108)
	at org.testng.TestRunner.privateRun(TestRunner.java:774)
	at org.testng.TestRunner.run(TestRunner.java:624)
	at org.testng.SuiteRunner.runTest(SuiteRunner.java:359)
	at org.testng.SuiteRunner.runSequentially(SuiteRunner.java:354)
	at org.testng.SuiteRunner.privateRun(SuiteRunner.java:312)
	at org.testng.SuiteRunner.run(SuiteRunner.java:261)
	at org.testng.SuiteRunnerWorker.runSuite(SuiteRunnerWorker.java:52)
	at org.testng.SuiteRunnerWorker.run(SuiteRunnerWorker.java:86)
	at org.testng.TestNG.runSuitesSequentially(TestNG.java:1215)
	at org.testng.TestNG.runSuitesLocally(TestNG.java:1140)
	at org.testng.TestNG.run(TestNG.java:1048)
	at org.testng.remote.AbstractRemoteTestNG.run(AbstractRemoteTestNG.java:126)
	at org.testng.remote.RemoteTestNG.initAndRun(RemoteTestNG.java:137)
	at org.testng.remote.RemoteTestNG.main(RemoteTestNG.java:58)
]]>
            </full-stacktrace>
          </exception> <!-- java.lang.AssertionError -->
          <reporter-output>
            <line>
              <![CDATA[<BR><FONT SIZE='4' COLOR='RED'>Non Conditional.</FONT><BR>]]>
            </line>
            <line>
              <![CDATA[<BR><FONT SIZE='4' COLOR='BLUE'>Level 3</FONT><BR>]]>
            </line>
            <line>
              <![CDATA[<BR><FONT SIZE='4' COLOR='BLUE'>Level 5</FONT><BR>]]>
            </line>
          </reporter-output>
        </test-method> <!-- testApp -->
        <test-method status="PASS" signature="tearDown()[pri:0, instance:com.softserve.edu.reg.ReportTest@589838eb]" name="tearDown" is-config="true" duration-ms="0" started-at="2016-11-02T20:07:23Z" finished-at="2016-11-02T20:07:23Z">
          <reporter-output>
            <line>
              <![CDATA[<BR><FONT SIZE='4' COLOR='RED'>@AfterMethod Non Conditional.</FONT><BR>]]>
            </line>
            <line>
              <![CDATA[<BR><FONT SIZE='4' COLOR='BLUE'>@AfterMethod Level 3</FONT><BR>]]>
            </line>
            <line>
              <![CDATA[<BR><FONT SIZE='4' COLOR='BLUE'>@AfterMethod Level 5</FONT><BR>]]>
            </line>
          </reporter-output>
        </test-method> <!-- tearDown -->
      </class> <!-- com.softserve.edu.reg.ReportTest -->
      <class name="com.softserve.edu.reg.AppTest">
        <test-method status="PASS" signature="testApp()[pri:0, instance:com.softserve.edu.reg.AppTest@271053e1]" name="testApp" duration-ms="11" started-at="2016-11-02T20:07:23Z" finished-at="2016-11-02T20:07:23Z">
          <reporter-output>
          </reporter-output>
        </test-method> <!-- testApp -->
      </class> <!-- com.softserve.edu.reg.AppTest -->
    </test> <!-- Test -->
  </suite> <!-- Suite -->
</testng-results>
